<?xml version="1.0" encoding="UTF-8" ?>
<testsuite tests="30" failures="0" name="pricing.RentalFormValidatorTest" time="0.106" errors="0" skipped="0">
  <properties>
    <property name="java.runtime.name" value="Java(TM) SE Runtime Environment"/>
    <property name="sun.boot.library.path" value="/usr/lib/jvm/java-8-oracle/jre/lib/amd64"/>
    <property name="java.vm.version" value="25.25-b02"/>
    <property name="java.vm.vendor" value="Oracle Corporation"/>
    <property name="java.vendor.url" value="http://java.oracle.com/"/>
    <property name="path.separator" value=":"/>
    <property name="guice.disable.misplaced.annotation.check" value="true"/>
    <property name="java.vm.name" value="Java HotSpot(TM) 64-Bit Server VM"/>
    <property name="file.encoding.pkg" value="sun.io"/>
    <property name="user.country" value="CA"/>
    <property name="sun.java.launcher" value="SUN_STANDARD"/>
    <property name="sun.os.patch.level" value="unknown"/>
    <property name="java.vm.specification.name" value="Java Virtual Machine Specification"/>
    <property name="user.dir" value="/home/juliosueiras/Documents/GitHubRepo/java3FinalProject/julioVersion/java3FinalProject"/>
    <property name="java.runtime.version" value="1.8.0_25-b17"/>
    <property name="java.awt.graphicsenv" value="sun.awt.X11GraphicsEnvironment"/>
    <property name="java.endorsed.dirs" value="/usr/lib/jvm/java-8-oracle/jre/lib/endorsed"/>
    <property name="os.arch" value="amd64"/>
    <property name="java.io.tmpdir" value="/tmp"/>
    <property name="line.separator" value="
"/>
    <property name="java.vm.specification.vendor" value="Oracle Corporation"/>
    <property name="os.name" value="Linux"/>
    <property name="net.sourceforge.cobertura.datafile" value="/home/juliosueiras/Documents/GitHubRepo/java3FinalProject/julioVersion/java3FinalProject/target/cobertura/cobertura.ser"/>
    <property name="classworlds.conf" value="/usr/share/maven//bin/m2.conf"/>
    <property name="sun.jnu.encoding" value="UTF-8"/>
    <property name="java.library.path" value="/usr/java/packages/lib/amd64:/usr/lib64:/lib64:/lib:/usr/lib"/>
    <property name="java.specification.name" value="Java Platform API Specification"/>
    <property name="java.class.version" value="52.0"/>
    <property name="sun.management.compiler" value="HotSpot 64-Bit Tiered Compilers"/>
    <property name="os.version" value="3.16.0-25-generic"/>
    <property name="user.home" value="/home/juliosueiras"/>
    <property name="user.timezone" value="America/Toronto"/>
    <property name="java.awt.printerjob" value="sun.print.PSPrinterJob"/>
    <property name="file.encoding" value="UTF-8"/>
    <property name="java.specification.version" value="1.8"/>
    <property name="user.name" value="juliosueiras"/>
    <property name="java.class.path" value="/usr/share/maven//boot/plexus-classworlds-2.x.jar"/>
    <property name="java.vm.specification.version" value="1.8"/>
    <property name="sun.arch.data.model" value="64"/>
    <property name="java.home" value="/usr/lib/jvm/java-8-oracle/jre"/>
    <property name="sun.java.command" value="org.codehaus.plexus.classworlds.launcher.Launcher site"/>
    <property name="java.specification.vendor" value="Oracle Corporation"/>
    <property name="user.language" value="en"/>
    <property name="awt.toolkit" value="sun.awt.X11.XToolkit"/>
    <property name="java.vm.info" value="mixed mode"/>
    <property name="java.version" value="1.8.0_25"/>
    <property name="java.ext.dirs" value="/usr/lib/jvm/java-8-oracle/jre/lib/ext:/usr/java/packages/lib/ext"/>
    <property name="securerandom.source" value="file:/dev/./urandom"/>
    <property name="sun.boot.class.path" value="/usr/lib/jvm/java-8-oracle/jre/lib/resources.jar:/usr/lib/jvm/java-8-oracle/jre/lib/rt.jar:/usr/lib/jvm/java-8-oracle/jre/lib/sunrsasign.jar:/usr/lib/jvm/java-8-oracle/jre/lib/jsse.jar:/usr/lib/jvm/java-8-oracle/jre/lib/jce.jar:/usr/lib/jvm/java-8-oracle/jre/lib/charsets.jar:/usr/lib/jvm/java-8-oracle/jre/lib/jfr.jar:/usr/lib/jvm/java-8-oracle/jre/classes"/>
    <property name="java.vendor" value="Oracle Corporation"/>
    <property name="maven.home" value="/usr/share/maven"/>
    <property name="file.separator" value="/"/>
    <property name="java.vendor.url.bug" value="http://bugreport.sun.com/bugreport/"/>
    <property name="sun.cpu.endian" value="little"/>
    <property name="sun.io.unicode.encoding" value="UnicodeLittle"/>
    <property name="project.build.outputDirectory" value="/home/juliosueiras/Documents/GitHubRepo/java3FinalProject/julioVersion/java3FinalProject/target/generated-classes/cobertura"/>
    <property name="sun.desktop" value="gnome"/>
    <property name="sun.cpu.isalist" value=""/>
  </properties>
  <testcase classname="pricing.RentalFormValidatorTest" name="testIsPickupDayInRange" time="0.033"/>
  <testcase classname="pricing.RentalFormValidatorTest" name="testIsCustomerNumeric" time="0"/>
  <testcase classname="pricing.RentalFormValidatorTest" name="testIsCarTypeInRange" time="0"/>
  <testcase classname="pricing.RentalFormValidatorTest" name="testIsPickupDayNull" time="0"/>
  <testcase classname="pricing.RentalFormValidatorTest" name="testIsDropoffDayInRange" time="0.001"/>
  <testcase classname="pricing.RentalFormValidatorTest" name="testIsPickupHourNull" time="0.001"/>
  <testcase classname="pricing.RentalFormValidatorTest" name="testIsCustomerNull" time="0.002"/>
  <testcase classname="pricing.RentalFormValidatorTest" name="testIsDropoffYearInRange" time="0.001"/>
  <testcase classname="pricing.RentalFormValidatorTest" name="testIsDropoffYearNull" time="0"/>
  <testcase classname="pricing.RentalFormValidatorTest" name="testGetErrorCodes" time="0.001"/>
  <testcase classname="pricing.RentalFormValidatorTest" name="testIsDropoffMonthNull" time="0.001"/>
  <testcase classname="pricing.RentalFormValidatorTest" name="testIsCreditCardTypeInRange" time="0.001"/>
  <testcase classname="pricing.RentalFormValidatorTest" name="testIsCreditCardNoInRange" time="0"/>
  <testcase classname="pricing.RentalFormValidatorTest" name="testGetBean" time="0.005"/>
  <testcase classname="pricing.RentalFormValidatorTest" name="testSetErrorCodes" time="0.001"/>
  <testcase classname="pricing.RentalFormValidatorTest" name="testIsPickupYearInRange" time="0.005"/>
  <testcase classname="pricing.RentalFormValidatorTest" name="testIsDropoffHourInRange" time="0.002"/>
  <testcase classname="pricing.RentalFormValidatorTest" name="testIsPickupMonthInRange" time="0"/>
  <testcase classname="pricing.RentalFormValidatorTest" name="testIsCreditCardNoNull" time="0.001"/>
  <testcase classname="pricing.RentalFormValidatorTest" name="testIsDropoffHourNull" time="0.002"/>
  <testcase classname="pricing.RentalFormValidatorTest" name="testIsDropoffMonthInRange" time="0.001"/>
  <testcase classname="pricing.RentalFormValidatorTest" name="testIsCarTypeNull" time="0.006"/>
  <testcase classname="pricing.RentalFormValidatorTest" name="testIsPickupMonthNull" time="0"/>
  <testcase classname="pricing.RentalFormValidatorTest" name="testIsPickupHourInRange" time="0.001"/>
  <testcase classname="pricing.RentalFormValidatorTest" name="testIsCreditCardTypeNull" time="0.001"/>
  <testcase classname="pricing.RentalFormValidatorTest" name="testSetBean" time="0.003"/>
  <testcase classname="pricing.RentalFormValidatorTest" name="testIsValid" time="0.001"/>
  <testcase classname="pricing.RentalFormValidatorTest" name="testIsPickupYearNull" time="0.001"/>
  <testcase classname="pricing.RentalFormValidatorTest" name="testIsDropoffDayNull" time="0.001"/>
  <testcase classname="pricing.RentalFormValidatorTest" name="testIsCustomerNotNull" time="0.002"/>
</testsuite>