<?xml version="1.0" encoding="UTF-8"?>
<testsuite name="pricing.RentalBeanTest" time="0.016" tests="38" errors="0" skipped="0" failures="0">
  <properties>
    <property name="java.runtime.name" value="Java(TM) SE Runtime Environment"/>
    <property name="sun.boot.library.path" value="/usr/lib/jvm/java-8-oracle/jre/lib/amd64"/>
    <property name="java.vm.version" value="25.25-b02"/>
    <property name="java.vm.vendor" value="Oracle Corporation"/>
    <property name="java.vendor.url" value="http://java.oracle.com/"/>
    <property name="path.separator" value=":"/>
    <property name="guice.disable.misplaced.annotation.check" value="true"/>
    <property name="java.vm.name" value="Java HotSpot(TM) 64-Bit Server VM"/>
    <property name="file.encoding.pkg" value="sun.io"/>
    <property name="user.country" value="CA"/>
    <property name="sun.java.launcher" value="SUN_STANDARD"/>
    <property name="sun.os.patch.level" value="unknown"/>
    <property name="java.vm.specification.name" value="Java Virtual Machine Specification"/>
    <property name="user.dir" value="/home/juliosueiras/Documents/GitHubRepo/java3FinalProject/julioVersion/java3FinalProject"/>
    <property name="java.runtime.version" value="1.8.0_25-b17"/>
    <property name="netbeans.deploy" value="true"/>
    <property name="java.awt.graphicsenv" value="sun.awt.X11GraphicsEnvironment"/>
    <property name="java.endorsed.dirs" value="/usr/lib/jvm/java-8-oracle/jre/lib/endorsed"/>
    <property name="os.arch" value="amd64"/>
    <property name="java.io.tmpdir" value="/tmp"/>
    <property name="line.separator" value="&#10;"/>
    <property name="java.vm.specification.vendor" value="Oracle Corporation"/>
    <property name="os.name" value="Linux"/>
    <property name="maven.ext.class.path" value="/usr/local/netbeans-8.0.2/java/maven-nblib/netbeans-eventspy.jar"/>
    <property name="classworlds.conf" value="/usr/local/netbeans-8.0.2/java/maven/bin/m2.conf"/>
    <property name="sun.jnu.encoding" value="UTF-8"/>
    <property name="java.library.path" value="/usr/lib/jvm/java-8-oracle/jre/lib/amd64:/usr/lib/jvm/java-8-oracle/jre/lib/i386::/usr/java/packages/lib/amd64:/usr/lib64:/lib64:/lib:/usr/lib"/>
    <property name="java.specification.name" value="Java Platform API Specification"/>
    <property name="java.class.version" value="52.0"/>
    <property name="sun.management.compiler" value="HotSpot 64-Bit Tiered Compilers"/>
    <property name="os.version" value="3.16.0-25-generic"/>
    <property name="user.home" value="/home/juliosueiras"/>
    <property name="user.timezone" value="America/Toronto"/>
    <property name="java.awt.printerjob" value="sun.print.PSPrinterJob"/>
    <property name="java.specification.version" value="1.8"/>
    <property name="file.encoding" value="UTF-8"/>
    <property name="user.name" value="juliosueiras"/>
    <property name="java.class.path" value="/usr/local/netbeans-8.0.2/java/maven/boot/plexus-classworlds-2.4.jar"/>
    <property name="java.vm.specification.version" value="1.8"/>
    <property name="sun.arch.data.model" value="64"/>
    <property name="java.home" value="/usr/lib/jvm/java-8-oracle/jre"/>
    <property name="sun.java.command" value="org.codehaus.plexus.classworlds.launcher.Launcher -Dnetbeans.deploy=true -Dmaven.ext.class.path=/usr/local/netbeans-8.0.2/java/maven-nblib/netbeans-eventspy.jar package"/>
    <property name="java.specification.vendor" value="Oracle Corporation"/>
    <property name="user.language" value="en"/>
    <property name="awt.toolkit" value="sun.awt.X11.XToolkit"/>
    <property name="java.vm.info" value="mixed mode"/>
    <property name="java.version" value="1.8.0_25"/>
    <property name="java.ext.dirs" value="/usr/lib/jvm/java-8-oracle/jre/lib/ext:/usr/java/packages/lib/ext"/>
    <property name="securerandom.source" value="file:/dev/./urandom"/>
    <property name="sun.boot.class.path" value="/usr/lib/jvm/java-8-oracle/jre/lib/resources.jar:/usr/lib/jvm/java-8-oracle/jre/lib/rt.jar:/usr/lib/jvm/java-8-oracle/jre/lib/sunrsasign.jar:/usr/lib/jvm/java-8-oracle/jre/lib/jsse.jar:/usr/lib/jvm/java-8-oracle/jre/lib/jce.jar:/usr/lib/jvm/java-8-oracle/jre/lib/charsets.jar:/usr/lib/jvm/java-8-oracle/jre/lib/jfr.jar:/usr/lib/jvm/java-8-oracle/jre/classes"/>
    <property name="java.vendor" value="Oracle Corporation"/>
    <property name="maven.home" value="/usr/local/netbeans-8.0.2/java/maven"/>
    <property name="file.separator" value="/"/>
    <property name="java.vendor.url.bug" value="http://bugreport.sun.com/bugreport/"/>
    <property name="sun.cpu.endian" value="little"/>
    <property name="sun.io.unicode.encoding" value="UnicodeLittle"/>
    <property name="sun.desktop" value="gnome"/>
    <property name="sun.cpu.isalist" value=""/>
  </properties>
  <testcase name="testSetCustomerNumber" classname="pricing.RentalBeanTest" time="0.001"/>
  <testcase name="testGetPrice" classname="pricing.RentalBeanTest" time="0.002"/>
  <testcase name="testSetCardNumber" classname="pricing.RentalBeanTest" time="0"/>
  <testcase name="testGetTaxRate" classname="pricing.RentalBeanTest" time="0"/>
  <testcase name="testSetPriceSchedule" classname="pricing.RentalBeanTest" time="0.001"/>
  <testcase name="testGetDropoffDay" classname="pricing.RentalBeanTest" time="0"/>
  <testcase name="testGetDropoffMin" classname="pricing.RentalBeanTest" time="0"/>
  <testcase name="testGetDropoffMon" classname="pricing.RentalBeanTest" time="0"/>
  <testcase name="testGetCustomerNumber" classname="pricing.RentalBeanTest" time="0.001"/>
  <testcase name="testGetDropoffDate" classname="pricing.RentalBeanTest" time="0"/>
  <testcase name="testGetDropoffHour" classname="pricing.RentalBeanTest" time="0"/>
  <testcase name="testGetDropoffYear" classname="pricing.RentalBeanTest" time="0"/>
  <testcase name="testGetPickupDay" classname="pricing.RentalBeanTest" time="0"/>
  <testcase name="testGetPickupMin" classname="pricing.RentalBeanTest" time="0"/>
  <testcase name="testGetPickupMon" classname="pricing.RentalBeanTest" time="0"/>
  <testcase name="testGetRentalType" classname="pricing.RentalBeanTest" time="0"/>
  <testcase name="testSetDropoffDay" classname="pricing.RentalBeanTest" time="0"/>
  <testcase name="testSetDropoffMin" classname="pricing.RentalBeanTest" time="0.002"/>
  <testcase name="testSetDropoffMon" classname="pricing.RentalBeanTest" time="0"/>
  <testcase name="testSetRentalType" classname="pricing.RentalBeanTest" time="0"/>
  <testcase name="testGetPickupDate" classname="pricing.RentalBeanTest" time="0"/>
  <testcase name="testGetPickupHour" classname="pricing.RentalBeanTest" time="0"/>
  <testcase name="testGetPickupYear" classname="pricing.RentalBeanTest" time="0"/>
  <testcase name="testGetPriceSchedule" classname="pricing.RentalBeanTest" time="0"/>
  <testcase name="testSetTaxRate" classname="pricing.RentalBeanTest" time="0"/>
  <testcase name="testSetPickupDay" classname="pricing.RentalBeanTest" time="0"/>
  <testcase name="testSetPickupMin" classname="pricing.RentalBeanTest" time="0"/>
  <testcase name="testSetPickupMon" classname="pricing.RentalBeanTest" time="0"/>
  <testcase name="testIsDropoffDateWeekend" classname="pricing.RentalBeanTest" time="0"/>
  <testcase name="testSetCardType" classname="pricing.RentalBeanTest" time="0"/>
  <testcase name="testGetCardType" classname="pricing.RentalBeanTest" time="0"/>
  <testcase name="testSetPickupHour" classname="pricing.RentalBeanTest" time="0.001"/>
  <testcase name="testSetPickupYear" classname="pricing.RentalBeanTest" time="0"/>
  <testcase name="testIsPickupDateWeekend" classname="pricing.RentalBeanTest" time="0"/>
  <testcase name="testSetDropoffHour" classname="pricing.RentalBeanTest" time="0.001"/>
  <testcase name="testSetDropoffYear" classname="pricing.RentalBeanTest" time="0.006"/>
  <testcase name="testGetCardNumber" classname="pricing.RentalBeanTest" time="0.001"/>
  <testcase name="testSetPrice" classname="pricing.RentalBeanTest" time="0"/>
</testsuite>